<?xml version='1.0' encoding='UTF-8'?>
<FlowBasedConstraintDocument DtdRelease="0" DtdVersion="4" xmlns="flowbased" xmlns:xsi="http://www.w3.org/2001/XMLSchema-instance" xsi:noNamespaceSchemaLocation="flowbasedconstraintdocument-23.xsd">
  <DocumentIdentification v="00AAAA-AA------A-20240610F301v3"/>
  <DocumentVersion v="2"/>
</FlowBasedConstraintDocument>
