<?xml version='1.0' encoding='UTF-8'?>
<GSKDocument xmlns:xsi="http://www.w3.org/2001/XMLSchema-instance" xsi:noNamespaceSchemaLocation="gsk-document-05.xsd">
  <DocumentIdentification v="00AAAA-AA------A-20240610F319v1" />
  <DocumentVersion v="1"/>
</GSKDocument>
